<?xml version="1.0" encoding="UTF-8"?>
<testng-results ignored="0" total="1" passed="1" failed="0" skipped="0">
  <reporter-output>
    <line>
      <![CDATA[Navigating Organization link]]>
    </line>
    <line>
      <![CDATA[Clicking on create org link]]>
    </line>
  </reporter-output>
  <suite started-at="2023-12-27T12:09:25 IST" name="Default suite" finished-at="2023-12-27T12:10:30 IST" duration-ms="65485">
    <groups>
      <group name="SmokeSuite">
        <method signature="CreateOrganizationTests.createOrgTest()[pri:0, instance:vtiger.Organization.Tests.CreateOrganizationTests@37d4349f]" name="createOrgTest" class="vtiger.Organization.Tests.CreateOrganizationTests"/>
      </group> <!-- SmokeSuite -->
    </groups>
    <test started-at="2023-12-27T12:09:25 IST" name="Default test" finished-at="2023-12-27T12:10:30 IST" duration-ms="65485">
      <class name="vtiger.Organization.Tests.CreateOrganizationTests">
        <test-method is-config="true" signature="bsConfig()[pri:0, instance:vtiger.Organization.Tests.CreateOrganizationTests@37d4349f]" started-at="2023-12-27T12:09:25 IST" name="bsConfig" finished-at="2023-12-27T12:09:25 IST" duration-ms="13" status="PASS">
          <reporter-output>
          </reporter-output>
        </test-method> <!-- bsConfig -->
        <test-method is-config="true" signature="bcConfig()[pri:0, instance:vtiger.Organization.Tests.CreateOrganizationTests@37d4349f]" started-at="2023-12-27T12:09:27 IST" name="bcConfig" finished-at="2023-12-27T12:09:37 IST" duration-ms="10521" status="PASS">
          <reporter-output>
          </reporter-output>
        </test-method> <!-- bcConfig -->
        <test-method is-config="true" signature="bmConfig()[pri:0, instance:vtiger.Organization.Tests.CreateOrganizationTests@37d4349f]" started-at="2023-12-27T12:09:37 IST" name="bmConfig" finished-at="2023-12-27T12:09:46 IST" duration-ms="8735" status="PASS">
          <reporter-output>
          </reporter-output>
        </test-method> <!-- bmConfig -->
        <test-method signature="createOrgTest()[pri:0, instance:vtiger.Organization.Tests.CreateOrganizationTests@37d4349f]" started-at="2023-12-27T12:09:46 IST" name="createOrgTest" finished-at="2023-12-27T12:10:27 IST" duration-ms="40987" status="PASS">
          <reporter-output>
            <line>
              <![CDATA[Navigating Organization link]]>
            </line>
            <line>
              <![CDATA[Clicking on create org link]]>
            </line>
          </reporter-output>
        </test-method> <!-- createOrgTest -->
        <test-method is-config="true" signature="amConfig()[pri:0, instance:vtiger.Organization.Tests.CreateOrganizationTests@37d4349f]" started-at="2023-12-27T12:10:27 IST" name="amConfig" finished-at="2023-12-27T12:10:30 IST" duration-ms="2585" status="PASS">
          <reporter-output>
          </reporter-output>
        </test-method> <!-- amConfig -->
        <test-method is-config="true" signature="acConfig()[pri:0, instance:vtiger.Organization.Tests.CreateOrganizationTests@37d4349f]" started-at="2023-12-27T12:10:30 IST" name="acConfig" finished-at="2023-12-27T12:10:30 IST" duration-ms="442" status="PASS">
          <reporter-output>
          </reporter-output>
        </test-method> <!-- acConfig -->
        <test-method is-config="true" signature="asConfig()[pri:0, instance:vtiger.Organization.Tests.CreateOrganizationTests@37d4349f]" started-at="2023-12-27T12:10:32 IST" name="asConfig" finished-at="2023-12-27T12:10:32 IST" duration-ms="1" status="PASS">
          <reporter-output>
          </reporter-output>
        </test-method> <!-- asConfig -->
      </class> <!-- vtiger.Organization.Tests.CreateOrganizationTests -->
    </test> <!-- Default test -->
  </suite> <!-- Default suite -->
</testng-results>
